/*C2*/SET SCHEMA PUBLIC
CREATE TABLE IF NOT EXISTS USERS (  ID INTEGER GENERATED BY DEFAULT AS IDENTITY(START WITH 1 INCREMENT BY 1) PRIMARY KEY,   NAME VARCHAR(50) NOT NULL,   PASSWORD VARCHAR(50) NOT NULL)
CREATE TABLE IF NOT EXISTS klantentabel\u000a(id INTEGER IDENTITY,\u000avoornaam VARCHAR(50),\u000aachternaam VARCHAR(50),\u000aemail VARCHAR(100),\u000atype VARCHAR(20),\u000abtw DOUBLE,\u000aaanmaakDatum DATE,\u000aredflag BOOLEAN)\u000a
INSERT INTO KLANTENTABEL VALUES(0,'Peter','Janssens','peterjanssens@yahoo.com','PARTICULIER',0.12E0,'1994-03-11',FALSE)
COMMIT
INSERT INTO KLANTENTABEL VALUES(1,'Jan','de Vries','jandevries@gmail.com','PARTICULIER',0.06E0,'1985-08-22',TRUE)
COMMIT
INSERT INTO KLANTENTABEL VALUES(2,'Maria','Smit','mariasmit@hotmail.com','LEVERANCIER',0.21E0,'1978-01-15',FALSE)
COMMIT
INSERT INTO KLANTENTABEL VALUES(3,'Emma','van Dijk','emmavandijk@outlook.com','PARTICULIER',0.21E0,'1990-06-30',TRUE)
COMMIT
INSERT INTO KLANTENTABEL VALUES(4,'Mohammed','El Idrissi','mohammed.el.idrissi@gmail.com','PARTICULIER',0.0E0,'1982-11-05',FALSE)
COMMIT
INSERT INTO KLANTENTABEL VALUES(5,'Sophie','de Jong','sophiedejong@yahoo.com','PARTICULIER',0.12E0,'2001-04-12',TRUE)
COMMIT
INSERT INTO KLANTENTABEL VALUES(6,'David','Cohen','davidcohen@hotmail.com','LEVERANCIER',0.06E0,'1965-09-28',FALSE)
COMMIT
INSERT INTO KLANTENTABEL VALUES(7,'Anna','Peters','annapeters@gmail.com','PARTICULIER',0.21E0,'1998-07-03',TRUE)
COMMIT
INSERT INTO KLANTENTABEL VALUES(8,'Lisa','de Wit','lisa.de.wit@outlook.com','LEVERANCIER',0.0E0,'1970-02-19',FALSE)
COMMIT
INSERT INTO KLANTENTABEL VALUES(9,'Ahmed','Yilmaz','ahmed.yilmaz@yahoo.com','LEVERANCIER',0.12E0,'1995-12-25',TRUE)
COMMIT
INSERT INTO KLANTENTABEL VALUES(10,'Peter','Janssens','peterjanssens@yahoo.com','PARTICULIER',0.12E0,'1994-03-11',FALSE)
COMMIT
INSERT INTO KLANTENTABEL VALUES(11,'Jan','de Vries','jandevries@gmail.com','PARTICULIER',0.06E0,'1985-08-22',TRUE)
COMMIT
INSERT INTO KLANTENTABEL VALUES(12,'Maria','Smit','mariasmit@hotmail.com','LEVERANCIER',0.21E0,'1978-01-15',FALSE)
COMMIT
INSERT INTO KLANTENTABEL VALUES(13,'Emma','van Dijk','emmavandijk@outlook.com','PARTICULIER',0.21E0,'1990-06-30',TRUE)
COMMIT
INSERT INTO KLANTENTABEL VALUES(14,'Mohammed','El Idrissi','mohammed.el.idrissi@gmail.com','PARTICULIER',0.0E0,'1982-11-05',FALSE)
COMMIT
INSERT INTO KLANTENTABEL VALUES(15,'Sophie','de Jong','sophiedejong@yahoo.com','PARTICULIER',0.12E0,'2001-04-12',TRUE)
COMMIT
INSERT INTO KLANTENTABEL VALUES(16,'David','Cohen','davidcohen@hotmail.com','LEVERANCIER',0.06E0,'1965-09-28',FALSE)
COMMIT
INSERT INTO KLANTENTABEL VALUES(17,'Anna','Peters','annapeters@gmail.com','PARTICULIER',0.21E0,'1998-07-03',TRUE)
COMMIT
INSERT INTO KLANTENTABEL VALUES(18,'Lisa','de Wit','lisa.de.wit@outlook.com','LEVERANCIER',0.0E0,'1970-02-19',FALSE)
COMMIT
INSERT INTO KLANTENTABEL VALUES(19,'Ahmed','Yilmaz','ahmed.yilmaz@yahoo.com','LEVERANCIER',0.12E0,'1995-12-25',TRUE)
COMMIT
INSERT INTO KLANTENTABEL VALUES(20,'Andreas','Van Loon','andreas.vanloon@student.kdg.be','PARTICULIER',0.21E0,'2025-01-01',TRUE)
COMMIT
